0 info it worked if it ends with ok
1 verbose cli [ '/home/jamesblack/.nvm/v0.10.32/bin/node',
1 verbose cli   '/home/jamesblack/.nvm/v0.10.32/bin/npm',
1 verbose cli   'publish' ]
2 info using npm@1.4.28
3 info using node@v0.10.32
4 verbose publish [ '.' ]
5 verbose cache add [ '.', null ]
6 verbose cache add name=undefined spec="." args=[".",null]
7 verbose parsed url { protocol: null,
7 verbose parsed url   slashes: null,
7 verbose parsed url   auth: null,
7 verbose parsed url   host: null,
7 verbose parsed url   port: null,
7 verbose parsed url   hostname: null,
7 verbose parsed url   hash: null,
7 verbose parsed url   search: null,
7 verbose parsed url   query: null,
7 verbose parsed url   pathname: '.',
7 verbose parsed url   path: '.',
7 verbose parsed url   href: '.' }
8 silly lockFile 3a52ce78- .
9 verbose lock . /home/jamesblack/.npm/3a52ce78-.lock
10 verbose tar pack [ '/home/jamesblack/.npm/hammer/0.0.0/package.tgz', '.' ]
11 verbose tarball /home/jamesblack/.npm/hammer/0.0.0/package.tgz
12 verbose folder .
13 info prepublish hammer@0.0.0
14 silly lockFile 1f1177db-tar tar://.
15 verbose lock tar://. /home/jamesblack/.npm/1f1177db-tar.lock
16 silly lockFile bc39a76a-ack-npm-hammer-0-0-0-package-tgz tar:///home/jamesblack/.npm/hammer/0.0.0/package.tgz
17 verbose lock tar:///home/jamesblack/.npm/hammer/0.0.0/package.tgz /home/jamesblack/.npm/bc39a76a-ack-npm-hammer-0-0-0-package-tgz.lock
18 silly lockFile 1f1177db-tar tar://.
19 silly lockFile 1f1177db-tar tar://.
20 silly lockFile bc39a76a-ack-npm-hammer-0-0-0-package-tgz tar:///home/jamesblack/.npm/hammer/0.0.0/package.tgz
21 silly lockFile bc39a76a-ack-npm-hammer-0-0-0-package-tgz tar:///home/jamesblack/.npm/hammer/0.0.0/package.tgz
22 silly lockFile 9f60227e-esblack-npm-hammer-0-0-0-package /home/jamesblack/.npm/hammer/0.0.0/package
23 verbose lock /home/jamesblack/.npm/hammer/0.0.0/package /home/jamesblack/.npm/9f60227e-esblack-npm-hammer-0-0-0-package.lock
24 silly lockFile 9f60227e-esblack-npm-hammer-0-0-0-package /home/jamesblack/.npm/hammer/0.0.0/package
25 silly lockFile 9f60227e-esblack-npm-hammer-0-0-0-package /home/jamesblack/.npm/hammer/0.0.0/package
26 silly lockFile 3a52ce78- .
27 silly lockFile 3a52ce78- .
28 silly publish { name: 'hammer',
28 silly publish   version: '0.0.0',
28 silly publish   private: true,
28 silly publish   main: 'app.js',
28 silly publish   scripts: { start: 'node ./bin/www' },
28 silly publish   dependencies:
28 silly publish    { 'body-parser': '~1.8.1',
28 silly publish      'component-react': '^1.0.0',
28 silly publish      'cookie-parser': '~1.3.3',
28 silly publish      debug: '~2.0.0',
28 silly publish      express: '~4.9.0',
28 silly publish      file: '^0.2.2',
28 silly publish      gulp: '^3.8.9',
28 silly publish      'gulp-component-builder': '^0.1.2',
28 silly publish      'gulp-uglify': '^1.0.1',
28 silly publish      jade: '~1.6.0',
28 silly publish      morgan: '~1.3.0',
28 silly publish      q: '^1.0.1',
28 silly publish      'serve-favicon': '~2.1.3',
28 silly publish      startup: '^1.0.0' },
28 silly publish   readme: 'hammer\n======\n\nTool for building ModPacks\n',
28 silly publish   readmeFilename: 'README.md',
28 silly publish   gitHead: '597adc863ab7b4ae95cfb9f319446e4727132a82',
28 silly publish   description: 'hammer ======',
28 silly publish   _id: 'hammer@0.0.0',
28 silly publish   _shasum: '07ecad9a61693560543be011fb965c0a60511f0f',
28 silly publish   _from: '.' }
29 error Error: This package has been marked as private
29 error Remove the 'private' field from the package.json to publish it.
29 error     at publish_ (/home/jamesblack/.nvm/v0.10.32/lib/node_modules/npm/lib/publish.js:91:31)
29 error     at Array.1 (/home/jamesblack/.nvm/v0.10.32/lib/node_modules/npm/node_modules/slide/lib/bind-actor.js:15:8)
29 error     at LOOP (/home/jamesblack/.nvm/v0.10.32/lib/node_modules/npm/node_modules/slide/lib/chain.js:15:14)
29 error     at LOOP (/home/jamesblack/.nvm/v0.10.32/lib/node_modules/npm/node_modules/slide/lib/chain.js:14:28)
29 error     at chain (/home/jamesblack/.nvm/v0.10.32/lib/node_modules/npm/node_modules/slide/lib/chain.js:20:5)
29 error     at /home/jamesblack/.nvm/v0.10.32/lib/node_modules/npm/lib/publish.js:57:5
29 error     at /home/jamesblack/.nvm/v0.10.32/lib/node_modules/npm/node_modules/inflight/inflight.js:22:7
29 error     at Array.forEach (native)
29 error     at res (/home/jamesblack/.nvm/v0.10.32/lib/node_modules/npm/node_modules/inflight/inflight.js:21:9)
29 error     at f (/home/jamesblack/.nvm/v0.10.32/lib/node_modules/npm/node_modules/once/once.js:16:25)
30 error If you need help, you may report this *entire* log,
30 error including the npm and node versions, at:
30 error     <http://github.com/npm/npm/issues>
31 error System Linux 3.13.0-24-generic
32 error command "/home/jamesblack/.nvm/v0.10.32/bin/node" "/home/jamesblack/.nvm/v0.10.32/bin/npm" "publish"
33 error cwd /home/jamesblack/src/EmptyClipGaming/hammer
34 error node -v v0.10.32
35 error npm -v 1.4.28
36 verbose exit [ 1, true ]
